Arguments: 
  /usr/bin/node /usr/bin/yarn add gitu

PATH: 
  /opt/google-cloud-sdk/bin:/opt/google-cloud-sdk/bin:/usr/local/sbin:/usr/local/bin:/usr/bin:/usr/bin/site_perl:/usr/bin/vendor_perl:/usr/bin/core_perl:/home/bee/.local/bin/cron:/home/bee/.local/bin/i3cmds:/home/bee/.local/bin/tools:/home/bee/.local/bin/statusbar:/home/bee/.local/bin/:/usr/bin/site_perl:/usr/bin/vendor_perl:/usr/bin/core_perl:/home/bee/.local/bin/cron:/home/bee/.local/bin/i3cmds:/home/bee/.local/bin/tools:/home/bee/.local/bin/statusbar:/home/bee/.local/bin/

Yarn version: 
  1.16.0

Node version: 
  11.15.0

Platform: 
  linux x64

Trace: 
  Error: https://registry.yarnpkg.com/gitu: Not found
      at Request.params.callback [as _callback] (/usr/lib/node_modules/yarn/lib/cli.js:66091:18)
      at Request.self.callback (/usr/lib/node_modules/yarn/lib/cli.js:129590:22)
      at Request.emit (events.js:193:13)
      at Request.<anonymous> (/usr/lib/node_modules/yarn/lib/cli.js:130562:10)
      at Request.emit (events.js:193:13)
      at IncomingMessage.<anonymous> (/usr/lib/node_modules/yarn/lib/cli.js:130484:12)
      at Object.onceWrapper (events.js:281:20)
      at IncomingMessage.emit (events.js:198:15)
      at endReadableNT (_stream_readable.js:1139:12)
      at processTicksAndRejections (internal/process/task_queues.js:81:17)

npm manifest: 
  No manifest

yarn manifest: 
  No manifest

Lockfile: 
  No lockfile
